  DrawMap.cpp
C:\Users\Никита\Desktop\прога\vs\GameJam-template\game\DrawMap.cpp(32,12): warning C4244: аргумент: преобразование "time_t" в "unsigned int", возможна потеря данных
C:\Users\Никита\Desktop\прога\vs\GameJam-template\game\DrawMap.cpp(106,34): warning C4244: аргумент: преобразование "int" в "float", возможна потеря данных
C:\Users\Никита\Desktop\прога\vs\GameJam-template\game\DrawMap.cpp(106,24): warning C4244: аргумент: преобразование "int" в "float", возможна потеря данных
  imgui-SFML.cpp
  imgui.cpp
  imgui_demo.cpp
  imgui_draw.cpp
  imgui_widgets.cpp
  main.cpp
C:\Users\Никита\Desktop\прога\vs\GameJam-template\game\main.cpp(180,14): warning C4244: инициализация: преобразование "sf::Int64" в "float", возможна потеря данных
C:\Users\Никита\Desktop\прога\vs\GameJam-template\game\main.cpp(198,39): warning C4305: =: усечение из "double" в "float"
C:\Users\Никита\Desktop\прога\vs\GameJam-template\game\main.cpp(199,31): warning C4244: +=: преобразование "double" в "float", возможна потеря данных
C:\Users\Никита\Desktop\прога\vs\GameJam-template\game\main.cpp(207,39): warning C4305: =: усечение из "double" в "float"
C:\Users\Никита\Desktop\прога\vs\GameJam-template\game\main.cpp(208,31): warning C4244: +=: преобразование "double" в "float", возможна потеря данных
C:\Users\Никита\Desktop\прога\vs\GameJam-template\game\main.cpp(215,39): warning C4305: =: усечение из "double" в "float"
C:\Users\Никита\Desktop\прога\vs\GameJam-template\game\main.cpp(216,31): warning C4244: +=: преобразование "double" в "float", возможна потеря данных
C:\Users\Никита\Desktop\прога\vs\GameJam-template\game\main.cpp(223,39): warning C4305: =: усечение из "double" в "float"
C:\Users\Никита\Desktop\прога\vs\GameJam-template\game\main.cpp(224,31): warning C4244: +=: преобразование "double" в "float", возможна потеря данных
C:\Users\Никита\Desktop\прога\vs\GameJam-template\game\main.cpp(232,19): warning C4244: инициализация: преобразование "double" в "float", возможна потеря данных
  Npc.cpp
C:\Users\Никита\Desktop\прога\vs\GameJam-template\game\Npc.cpp(17,43): warning C4244: аргумент: преобразование "float" в "T", возможна потеря данных
          with
          [
              T=int
          ]
C:\Users\Никита\Desktop\прога\vs\GameJam-template\game\Npc.cpp(17,40): warning C4244: аргумент: преобразование "float" в "T", возможна потеря данных
          with
          [
              T=int
          ]
  Player.cpp
C:\Users\Никита\Desktop\прога\vs\GameJam-template\game\Player.cpp(54,42): warning C4244: аргумент: преобразование "float" в "T", возможна потеря данных
          with
          [
              T=int
          ]
C:\Users\Никита\Desktop\прога\vs\GameJam-template\game\Player.cpp(54,39): warning C4244: аргумент: преобразование "float" в "T", возможна потеря данных
          with
          [
              T=int
          ]
C:\Users\Никита\Desktop\прога\vs\GameJam-template\game\Player.cpp(74,13): warning C4244: инициализация: преобразование "float" в "int", возможна потеря данных
C:\Users\Никита\Desktop\прога\vs\GameJam-template\game\Player.cpp(75,14): warning C4244: инициализация: преобразование "float" в "int", возможна потеря данных
C:\Users\Никита\Desktop\прога\vs\GameJam-template\game\Player.cpp(81,19): warning C4244: =: преобразование "int" в "float", возможна потеря данных
C:\Users\Никита\Desktop\прога\vs\GameJam-template\game\Player.cpp(86,19): warning C4244: =: преобразование "int" в "float", возможна потеря данных
C:\Users\Никита\Desktop\прога\vs\GameJam-template\game\Player.cpp(92,19): warning C4244: =: преобразование "int" в "float", возможна потеря данных
C:\Users\Никита\Desktop\прога\vs\GameJam-template\game\Player.cpp(97,19): warning C4244: =: преобразование "int" в "float", возможна потеря данных
  Создание кода...
sfml-graphics-d.lib(sfml-graphics-d-2.dll) : fatal error LNK1112: тип компьютера модуля "x86" конфликтует с типом целевого компьютера "x64"
